 
****************************************
check_design summary:
Version:     L-2016.03-SP1
Date:        Mon Dec 16 10:39:56 2024
****************************************

                   Name                                            Total
--------------------------------------------------------------------------------
Inputs/Outputs                                                     36
    Unconnected ports (LINT-28)                                     6
    Shorted outputs (LINT-31)                                      30

Cells                                                              83
    Cells do not drive (LINT-1)                                    83
--------------------------------------------------------------------------------

Warning: In design 'data', cell 'C8089' does not drive any nets. (LINT-1)
Warning: In design 'data', cell 'C8169' does not drive any nets. (LINT-1)
Warning: In design 'data', cell 'C8176' does not drive any nets. (LINT-1)
Warning: In design 'data', cell 'C8184' does not drive any nets. (LINT-1)
Warning: In design 'data', cell 'C8289' does not drive any nets. (LINT-1)
Warning: In design 'data', cell 'C8293' does not drive any nets. (LINT-1)
Warning: In design 'data', cell 'C8297' does not drive any nets. (LINT-1)
Warning: In design 'data', cell 'C8301' does not drive any nets. (LINT-1)
Warning: In design 'data', cell 'C8305' does not drive any nets. (LINT-1)
Warning: In design 'data', cell 'C8309' does not drive any nets. (LINT-1)
Warning: In design 'data', cell 'C8313' does not drive any nets. (LINT-1)
Warning: In design 'data', cell 'C8317' does not drive any nets. (LINT-1)
Warning: In design 'data', cell 'C8321' does not drive any nets. (LINT-1)
Warning: In design 'data', cell 'C8325' does not drive any nets. (LINT-1)
Warning: In design 'data', cell 'C8329' does not drive any nets. (LINT-1)
Warning: In design 'data', cell 'C8333' does not drive any nets. (LINT-1)
Warning: In design 'data', cell 'C8337' does not drive any nets. (LINT-1)
Warning: In design 'data', cell 'C8341' does not drive any nets. (LINT-1)
Warning: In design 'data', cell 'C8345' does not drive any nets. (LINT-1)
Warning: In design 'data', cell 'C8349' does not drive any nets. (LINT-1)
Warning: In design 'data', cell 'C8353' does not drive any nets. (LINT-1)
Warning: In design 'data', cell 'C8357' does not drive any nets. (LINT-1)
Warning: In design 'data', cell 'C8361' does not drive any nets. (LINT-1)
Warning: In design 'data', cell 'C8365' does not drive any nets. (LINT-1)
Warning: In design 'data', cell 'C8369' does not drive any nets. (LINT-1)
Warning: In design 'data', cell 'C8373' does not drive any nets. (LINT-1)
Warning: In design 'data', cell 'C8377' does not drive any nets. (LINT-1)
Warning: In design 'data', cell 'C8381' does not drive any nets. (LINT-1)
Warning: In design 'data', cell 'C8385' does not drive any nets. (LINT-1)
Warning: In design 'data', cell 'C8389' does not drive any nets. (LINT-1)
Warning: In design 'data', cell 'C8393' does not drive any nets. (LINT-1)
Warning: In design 'data', cell 'C8397' does not drive any nets. (LINT-1)
Warning: In design 'data', cell 'C8401' does not drive any nets. (LINT-1)
Warning: In design 'data', cell 'C8405' does not drive any nets. (LINT-1)
Warning: In design 'data', cell 'C8409' does not drive any nets. (LINT-1)
Warning: In design 'data', cell 'C8413' does not drive any nets. (LINT-1)
Warning: In design 'data', cell 'C8417' does not drive any nets. (LINT-1)
Warning: In design 'data', cell 'C8421' does not drive any nets. (LINT-1)
Warning: In design 'data', cell 'C8425' does not drive any nets. (LINT-1)
Warning: In design 'data', cell 'C8429' does not drive any nets. (LINT-1)
Warning: In design 'data', cell 'C8433' does not drive any nets. (LINT-1)
Warning: In design 'data', cell 'C8437' does not drive any nets. (LINT-1)
Warning: In design 'data', cell 'C8441' does not drive any nets. (LINT-1)
Warning: In design 'data', cell 'C8445' does not drive any nets. (LINT-1)
Warning: In design 'data', cell 'C8449' does not drive any nets. (LINT-1)
Warning: In design 'data', cell 'C8453' does not drive any nets. (LINT-1)
Warning: In design 'data', cell 'C8457' does not drive any nets. (LINT-1)
Warning: In design 'data', cell 'C8461' does not drive any nets. (LINT-1)
Warning: In design 'data', cell 'C8465' does not drive any nets. (LINT-1)
Warning: In design 'data', cell 'C8469' does not drive any nets. (LINT-1)
Warning: In design 'data', cell 'C8473' does not drive any nets. (LINT-1)
Warning: In design 'data', cell 'C8477' does not drive any nets. (LINT-1)
Warning: In design 'data', cell 'C8481' does not drive any nets. (LINT-1)
Warning: In design 'data', cell 'C8485' does not drive any nets. (LINT-1)
Warning: In design 'data', cell 'C8489' does not drive any nets. (LINT-1)
Warning: In design 'data', cell 'C8493' does not drive any nets. (LINT-1)
Warning: In design 'data', cell 'C8497' does not drive any nets. (LINT-1)
Warning: In design 'data', cell 'C8501' does not drive any nets. (LINT-1)
Warning: In design 'data', cell 'C8505' does not drive any nets. (LINT-1)
Warning: In design 'data', cell 'C8509' does not drive any nets. (LINT-1)
Warning: In design 'data', cell 'C8513' does not drive any nets. (LINT-1)
Warning: In design 'data', cell 'C8517' does not drive any nets. (LINT-1)
Warning: In design 'data', cell 'C8521' does not drive any nets. (LINT-1)
Warning: In design 'data', cell 'C8525' does not drive any nets. (LINT-1)
Warning: In design 'data', cell 'C8529' does not drive any nets. (LINT-1)
Warning: In design 'data', cell 'C8533' does not drive any nets. (LINT-1)
Warning: In design 'data', cell 'C8537' does not drive any nets. (LINT-1)
Warning: In design 'data', cell 'C8541' does not drive any nets. (LINT-1)
Warning: In design 'data', cell 'C8547' does not drive any nets. (LINT-1)
Warning: In design 'data', cell 'C8555' does not drive any nets. (LINT-1)
Warning: In design 'data', cell 'C8602' does not drive any nets. (LINT-1)
Warning: In design 'conv_top_CONV_DATA_WIDTH1_FC_DATA_WIDTH5_K4_LOGK4_CH_NUM6', cell 'C1294' does not drive any nets. (LINT-1)
Warning: In design 'conv_top_CONV_DATA_WIDTH1_FC_DATA_WIDTH5_K4_LOGK4_CH_NUM6', cell 'B_12' does not drive any nets. (LINT-1)
Warning: In design 'conv_slide_CH_NUM6_DATA_WIDTH5_K3_LEN9', cell 'B_19' does not drive any nets. (LINT-1)
Warning: In design 'conv_slide_CH_NUM6_DATA_WIDTH5_K3_LEN9', cell 'B_20' does not drive any nets. (LINT-1)
Warning: In design 'conv_slide_CH_NUM6_DATA_WIDTH5_K3_LEN9', cell 'B_21' does not drive any nets. (LINT-1)
Warning: In design 'conv_slide_CH_NUM6_DATA_WIDTH5_K3_LEN9', cell 'B_22' does not drive any nets. (LINT-1)
Warning: In design 'conv_slide_CH_NUM6_DATA_WIDTH5_K3_LEN9', cell 'C331' does not drive any nets. (LINT-1)
Warning: In design 'conv_slide_CH_NUM6_DATA_WIDTH5_K3_LEN9', cell 'C336' does not drive any nets. (LINT-1)
Warning: In design 'compare_probabilities', cell 'C244' does not drive any nets. (LINT-1)
Warning: In design 'compare_probabilities', cell 'C249' does not drive any nets. (LINT-1)
Warning: In design 'compare_probabilities', cell 'C253' does not drive any nets. (LINT-1)
Warning: In design 'storage_layer_DATA_WIDTH5_NUM_ELEMENTS16', cell 'C2262' does not drive any nets. (LINT-1)
Warning: In design 'conv_single_slide_DATA_WIDTH5_K3_LEN9_5', port 'rstn' is not connected to any nets. (LINT-28)
Warning: In design 'conv_single_slide_DATA_WIDTH5_K3_LEN9_0', port 'rstn' is not connected to any nets. (LINT-28)
Warning: In design 'conv_single_slide_DATA_WIDTH5_K3_LEN9_1', port 'rstn' is not connected to any nets. (LINT-28)
Warning: In design 'conv_single_slide_DATA_WIDTH5_K3_LEN9_2', port 'rstn' is not connected to any nets. (LINT-28)
Warning: In design 'conv_single_slide_DATA_WIDTH5_K3_LEN9_3', port 'rstn' is not connected to any nets. (LINT-28)
Warning: In design 'conv_single_slide_DATA_WIDTH5_K3_LEN9_4', port 'rstn' is not connected to any nets. (LINT-28)
Warning: In design 'conv_top_CONV_DATA_WIDTH1_FC_DATA_WIDTH5_K4_LOGK4_CH_NUM6', output port 'conv_data_out[29]' is connected directly to output port 'fc_data_out[50]'. (LINT-31)
Warning: In design 'conv_top_CONV_DATA_WIDTH1_FC_DATA_WIDTH5_K4_LOGK4_CH_NUM6', output port 'conv_data_out[28]' is connected directly to output port 'fc_data_out[48]'. (LINT-31)
Warning: In design 'conv_top_CONV_DATA_WIDTH1_FC_DATA_WIDTH5_K4_LOGK4_CH_NUM6', output port 'conv_data_out[27]' is connected directly to output port 'fc_data_out[47]'. (LINT-31)
Warning: In design 'conv_top_CONV_DATA_WIDTH1_FC_DATA_WIDTH5_K4_LOGK4_CH_NUM6', output port 'conv_data_out[26]' is connected directly to output port 'fc_data_out[46]'. (LINT-31)
Warning: In design 'conv_top_CONV_DATA_WIDTH1_FC_DATA_WIDTH5_K4_LOGK4_CH_NUM6', output port 'conv_data_out[25]' is connected directly to output port 'fc_data_out[45]'. (LINT-31)
Warning: In design 'conv_top_CONV_DATA_WIDTH1_FC_DATA_WIDTH5_K4_LOGK4_CH_NUM6', output port 'conv_data_out[24]' is connected directly to output port 'fc_data_out[41]'. (LINT-31)
Warning: In design 'conv_top_CONV_DATA_WIDTH1_FC_DATA_WIDTH5_K4_LOGK4_CH_NUM6', output port 'conv_data_out[23]' is connected directly to output port 'fc_data_out[39]'. (LINT-31)
Warning: In design 'conv_top_CONV_DATA_WIDTH1_FC_DATA_WIDTH5_K4_LOGK4_CH_NUM6', output port 'conv_data_out[22]' is connected directly to output port 'fc_data_out[38]'. (LINT-31)
Warning: In design 'conv_top_CONV_DATA_WIDTH1_FC_DATA_WIDTH5_K4_LOGK4_CH_NUM6', output port 'conv_data_out[21]' is connected directly to output port 'fc_data_out[37]'. (LINT-31)
Warning: In design 'conv_top_CONV_DATA_WIDTH1_FC_DATA_WIDTH5_K4_LOGK4_CH_NUM6', output port 'conv_data_out[20]' is connected directly to output port 'fc_data_out[36]'. (LINT-31)
Warning: In design 'conv_top_CONV_DATA_WIDTH1_FC_DATA_WIDTH5_K4_LOGK4_CH_NUM6', output port 'conv_data_out[19]' is connected directly to output port 'fc_data_out[32]'. (LINT-31)
Warning: In design 'conv_top_CONV_DATA_WIDTH1_FC_DATA_WIDTH5_K4_LOGK4_CH_NUM6', output port 'conv_data_out[18]' is connected directly to output port 'fc_data_out[30]'. (LINT-31)
Warning: In design 'conv_top_CONV_DATA_WIDTH1_FC_DATA_WIDTH5_K4_LOGK4_CH_NUM6', output port 'conv_data_out[17]' is connected directly to output port 'fc_data_out[29]'. (LINT-31)
Warning: In design 'conv_top_CONV_DATA_WIDTH1_FC_DATA_WIDTH5_K4_LOGK4_CH_NUM6', output port 'conv_data_out[16]' is connected directly to output port 'fc_data_out[28]'. (LINT-31)
Warning: In design 'conv_top_CONV_DATA_WIDTH1_FC_DATA_WIDTH5_K4_LOGK4_CH_NUM6', output port 'conv_data_out[15]' is connected directly to output port 'fc_data_out[27]'. (LINT-31)
Warning: In design 'conv_top_CONV_DATA_WIDTH1_FC_DATA_WIDTH5_K4_LOGK4_CH_NUM6', output port 'conv_data_out[14]' is connected directly to output port 'fc_data_out[23]'. (LINT-31)
Warning: In design 'conv_top_CONV_DATA_WIDTH1_FC_DATA_WIDTH5_K4_LOGK4_CH_NUM6', output port 'conv_data_out[13]' is connected directly to output port 'fc_data_out[21]'. (LINT-31)
Warning: In design 'conv_top_CONV_DATA_WIDTH1_FC_DATA_WIDTH5_K4_LOGK4_CH_NUM6', output port 'conv_data_out[12]' is connected directly to output port 'fc_data_out[20]'. (LINT-31)
Warning: In design 'conv_top_CONV_DATA_WIDTH1_FC_DATA_WIDTH5_K4_LOGK4_CH_NUM6', output port 'conv_data_out[11]' is connected directly to output port 'fc_data_out[19]'. (LINT-31)
Warning: In design 'conv_top_CONV_DATA_WIDTH1_FC_DATA_WIDTH5_K4_LOGK4_CH_NUM6', output port 'conv_data_out[10]' is connected directly to output port 'fc_data_out[18]'. (LINT-31)
Warning: In design 'conv_top_CONV_DATA_WIDTH1_FC_DATA_WIDTH5_K4_LOGK4_CH_NUM6', output port 'conv_data_out[9]' is connected directly to output port 'fc_data_out[14]'. (LINT-31)
Warning: In design 'conv_top_CONV_DATA_WIDTH1_FC_DATA_WIDTH5_K4_LOGK4_CH_NUM6', output port 'conv_data_out[8]' is connected directly to output port 'fc_data_out[12]'. (LINT-31)
Warning: In design 'conv_top_CONV_DATA_WIDTH1_FC_DATA_WIDTH5_K4_LOGK4_CH_NUM6', output port 'conv_data_out[7]' is connected directly to output port 'fc_data_out[11]'. (LINT-31)
Warning: In design 'conv_top_CONV_DATA_WIDTH1_FC_DATA_WIDTH5_K4_LOGK4_CH_NUM6', output port 'conv_data_out[6]' is connected directly to output port 'fc_data_out[10]'. (LINT-31)
Warning: In design 'conv_top_CONV_DATA_WIDTH1_FC_DATA_WIDTH5_K4_LOGK4_CH_NUM6', output port 'conv_data_out[5]' is connected directly to output port 'fc_data_out[9]'. (LINT-31)
Warning: In design 'conv_top_CONV_DATA_WIDTH1_FC_DATA_WIDTH5_K4_LOGK4_CH_NUM6', output port 'conv_data_out[4]' is connected directly to output port 'fc_data_out[5]'. (LINT-31)
Warning: In design 'conv_top_CONV_DATA_WIDTH1_FC_DATA_WIDTH5_K4_LOGK4_CH_NUM6', output port 'conv_data_out[3]' is connected directly to output port 'fc_data_out[3]'. (LINT-31)
Warning: In design 'conv_top_CONV_DATA_WIDTH1_FC_DATA_WIDTH5_K4_LOGK4_CH_NUM6', output port 'conv_data_out[2]' is connected directly to output port 'fc_data_out[2]'. (LINT-31)
Warning: In design 'conv_top_CONV_DATA_WIDTH1_FC_DATA_WIDTH5_K4_LOGK4_CH_NUM6', output port 'conv_data_out[1]' is connected directly to output port 'fc_data_out[1]'. (LINT-31)
Warning: In design 'conv_top_CONV_DATA_WIDTH1_FC_DATA_WIDTH5_K4_LOGK4_CH_NUM6', output port 'conv_data_out[0]' is connected directly to output port 'fc_data_out[0]'. (LINT-31)
1
